#
# There is insufficient memory for the Java Runtime Environment to continue.
# Native memory allocation (mmap) failed to map 402653184 bytes. Error detail: G1 virtual space
# Possible reasons:
#   The system is out of physical RAM or swap space
#   This process is running with CompressedOops enabled, and the Java Heap may be blocking the growth of the native heap
# Possible solutions:
#   Reduce memory load on the system
#   Increase physical memory or swap space
#   Check if swap backing store is full
#   Decrease Java heap size (-Xmx/-Xms)
#   Decrease number of Java threads
#   Decrease Java thread stack sizes (-Xss)
#   Set larger code cache with -XX:ReservedCodeCacheSize=
#   JVM is running with Zero Based Compressed Oops mode in which the Java heap is
#     placed in the first 32GB address space. The Java Heap base address is the
#     maximum limit for the native heap growth. Please use -XX:HeapBaseMinAddress
#     to set the Java Heap base and to place the Java Heap above 32GB virtual address.
# This output file may be truncated or incomplete.
#
#  Out of Memory Error (os_windows.cpp:3616), pid=12432, tid=30056
#
# JRE version:  (21.0.5+11) (build )
# Java VM: OpenJDK 64-Bit Server VM (21.0.5+11-LTS, mixed mode, emulated-client, sharing, tiered, compressed oops, compressed class ptrs, g1 gc, windows-amd64)
# No core dump will be written. Minidumps are not enabled by default on client versions of Windows
#

---------------  S U M M A R Y ------------

Command Line: -XX:TieredStopAtLevel=1 -Dspring.output.ansi.enabled=always -Dcom.sun.management.jmxremote -Dspring.jmx.enabled=true -Dspring.liveBeansView.mbeanDomain -Dspring.application.admin.enabled=true -Dmanagement.endpoints.jmx.exposure.include=* -javaagent:F:\Intellij\IntelliJ IDEA 2024.3.1.1\lib\idea_rt.jar=55050 -Dfile.encoding=UTF-8 -Dsun.stdout.encoding=UTF-8 -Dsun.stderr.encoding=UTF-8 com.consumer.ConsumerApplication

Host: AMD Ryzen 5 5600H with Radeon Graphics         , 12 cores, 23G,  Windows 11 , 64 bit Build 26100 (10.0.26100.7623)
Time: Thu Jan 22 15:15:56 2026 SE Asia Standard Time elapsed time: 0.024540 seconds (0d 0h 0m 0s)

---------------  T H R E A D  ---------------

Current thread (0x0000021ef1a0d860):  JavaThread "Unknown thread" [_thread_in_vm, id=30056, stack(0x0000009c4a200000,0x0000009c4a300000) (1024K)]

Stack: [0x0000009c4a200000,0x0000009c4a300000]
Native frames: (J=compiled Java code, j=interpreted, Vv=VM code, C=native code)
V  [jvm.dll+0x6d9b69]
V  [jvm.dll+0x8b6073]
V  [jvm.dll+0x8b83ce]
V  [jvm.dll+0x8b8ab3]
V  [jvm.dll+0x286226]
V  [jvm.dll+0x6d62e5]
V  [jvm.dll+0x6ca94a]
V  [jvm.dll+0x35f47b]
V  [jvm.dll+0x367046]
V  [jvm.dll+0x3b92a6]
V  [jvm.dll+0x3b9578]
V  [jvm.dll+0x332b6c]
V  [jvm.dll+0x33385b]
V  [jvm.dll+0x87e359]
V  [jvm.dll+0x3c6461]
V  [jvm.dll+0x867673]
V  [jvm.dll+0x45a37e]
V  [jvm.dll+0x45c001]
C  [jli.dll+0x52ab]
C  [ucrtbase.dll+0x37b0]
C  [KERNEL32.DLL+0x2e8d7]
C  [ntdll.dll+0x8c53c]


---------------  P R O C E S S  ---------------

Threads class SMR info:
_java_thread_list=0x00007ffe95068088, length=0, elements={
}

Java Threads: ( => current thread )
Total: 0

Other Threads:
  0x0000021ef19f40c0 WorkerThread "GC Thread#0"                     [id=31560, stack(0x0000009c4a300000,0x0000009c4a400000) (1024K)]
  0x0000021ef1d251f0 ConcurrentGCThread "G1 Main Marker"            [id=26304, stack(0x0000009c4a400000,0x0000009c4a500000) (1024K)]
  0x0000021ef19f52e0 WorkerThread "G1 Conc#0"                       [id=8412, stack(0x0000009c4a500000,0x0000009c4a600000) (1024K)]

[error occurred during error reporting (printing all threads), id 0xc0000005, EXCEPTION_ACCESS_VIOLATION (0xc0000005) at pc=0x00007ffe94765c27]
VM state: not at safepoint (not fully initialized)

VM Mutex/Monitor currently owned by a thread:  ([mutex/lock_event])
[0x00007ffe950dc420] Heap_lock - owner thread: 0x0000021ef1a0d860

Heap address: 0x0000000682400000, size: 6108 MB, Compressed Oops mode: Zero based, Oop shift amount: 3

CDS archive(s) mapped at: [0x0000000000000000-0x0000000000000000-0x0000000000000000), size 0, SharedBaseAddress: 0x0000000800000000, ArchiveRelocationMode: 1.
Narrow klass base: 0x0000000000000000, Narrow klass shift: 0, Narrow klass range: 0x0

GC Precious Log:
 CardTable entry size: 512
 Card Set container configuration: InlinePtr #cards 4 size 8 Array Of Cards #cards 32 size 80 Howl #buckets 8 coarsen threshold 7372 Howl Bitmap #cards 1024 size 144 coarsen threshold 921 Card regions per heap region 1 cards per card region 8192

Heap:
 garbage-first heap   total 0K, used 0K [0x0000000682400000, 0x0000000800000000)
  region size 4096K, 0 young (0K), 0 survivors (0K)

[error occurred during error reporting (printing heap information), id 0xc0000005, EXCEPTION_ACCESS_VIOLATION (0xc0000005) at pc=0x00007ffe94b53569]
GC Heap History (0 events):
No events

Dll operation events (1 events):
Event: 0.014 Loaded shared library C:\Users\Lenovo\.jdks\corretto-21.0.5\bin\java.dll

Deoptimization events (0 events):
No events

Classes loaded (0 events):
No events

Classes unloaded (0 events):
No events

Classes redefined (0 events):
No events

Internal exceptions (0 events):
No events

ZGC Phase Switch (0 events):
No events

VM Operations (0 events):
No events

Memory protections (0 events):
No events

Nmethod flushes (0 events):
No events

Events (0 events):
No events


Dynamic libraries:
0x00007ff6fa1c0000 - 0x00007ff6fa1ce000 	C:\Users\Lenovo\.jdks\corretto-21.0.5\bin\java.exe
0x00007fff8c580000 - 0x00007fff8c7e7000 	C:\WINDOWS\SYSTEM32\ntdll.dll
0x00007fff8bbe0000 - 0x00007fff8bca9000 	C:\WINDOWS\System32\KERNEL32.DLL
0x00007fff89820000 - 0x00007fff89c0f000 	C:\WINDOWS\System32\KERNELBASE.dll
0x00007fff896d0000 - 0x00007fff8981b000 	C:\WINDOWS\System32\ucrtbase.dll
0x00007fff703c0000 - 0x00007fff703d8000 	C:\Users\Lenovo\.jdks\corretto-21.0.5\bin\jli.dll
0x00007fff8c000000 - 0x00007fff8c1c5000 	C:\WINDOWS\System32\USER32.dll
0x00007fff785e0000 - 0x00007fff785fb000 	C:\Users\Lenovo\.jdks\corretto-21.0.5\bin\VCRUNTIME140.dll
0x00007fff8a040000 - 0x00007fff8a067000 	C:\WINDOWS\System32\win32u.dll
0x00007fff8b5a0000 - 0x00007fff8b5cb000 	C:\WINDOWS\System32\GDI32.dll
0x00007fff71d70000 - 0x00007fff72003000 	C:\WINDOWS\WinSxS\amd64_microsoft.windows.common-controls_6595b64144ccf1df_6.0.26100.7309_none_3e05feeae336a044\COMCTL32.dll
0x00007fff89cd0000 - 0x00007fff89dfc000 	C:\WINDOWS\System32\gdi32full.dll
0x00007fff89c20000 - 0x00007fff89cc3000 	C:\WINDOWS\System32\msvcp_win.dll
0x00007fff8a380000 - 0x00007fff8a429000 	C:\WINDOWS\System32\msvcrt.dll
0x00007fff8a320000 - 0x00007fff8a351000 	C:\WINDOWS\System32\IMM32.DLL
0x00007fff78420000 - 0x00007fff7842c000 	C:\Users\Lenovo\.jdks\corretto-21.0.5\bin\vcruntime140_1.dll
0x00007fff06670000 - 0x00007fff066fd000 	C:\Users\Lenovo\.jdks\corretto-21.0.5\bin\msvcp140.dll
0x00007ffe94420000 - 0x00007ffe951bd000 	C:\Users\Lenovo\.jdks\corretto-21.0.5\bin\server\jvm.dll
0x00007fff8b4e0000 - 0x00007fff8b594000 	C:\WINDOWS\System32\ADVAPI32.dll
0x00007fff8b430000 - 0x00007fff8b4d6000 	C:\WINDOWS\System32\sechost.dll
0x00007fff8b5d0000 - 0x00007fff8b6e8000 	C:\WINDOWS\System32\RPCRT4.dll
0x00007fff8a430000 - 0x00007fff8a4a4000 	C:\WINDOWS\System32\WS2_32.dll
0x00007fff89530000 - 0x00007fff8958e000 	C:\WINDOWS\SYSTEM32\POWRPROF.dll
0x00007fff78630000 - 0x00007fff78665000 	C:\WINDOWS\SYSTEM32\WINMM.dll
0x00007fff82a00000 - 0x00007fff82a0b000 	C:\WINDOWS\SYSTEM32\VERSION.dll
0x00007fff89510000 - 0x00007fff89524000 	C:\WINDOWS\SYSTEM32\UMPDC.dll
0x00007fff88450000 - 0x00007fff8846b000 	C:\WINDOWS\SYSTEM32\kernel.appcore.dll
0x00007fff6dc00000 - 0x00007fff6dc0a000 	C:\Users\Lenovo\.jdks\corretto-21.0.5\bin\jimage.dll
0x00007fff86eb0000 - 0x00007fff870f2000 	C:\WINDOWS\SYSTEM32\DBGHELP.DLL
0x00007fff8a940000 - 0x00007fff8acc6000 	C:\WINDOWS\System32\combase.dll
0x00007fff8bcc0000 - 0x00007fff8bd96000 	C:\WINDOWS\System32\OLEAUT32.dll
0x00007fff72030000 - 0x00007fff7206c000 	C:\WINDOWS\SYSTEM32\dbgcore.DLL
0x00007fff8a070000 - 0x00007fff8a115000 	C:\WINDOWS\System32\bcryptPrimitives.dll
0x00007fff6dbf0000 - 0x00007fff6dbfe000 	C:\Users\Lenovo\.jdks\corretto-21.0.5\bin\instrument.dll
0x00007fff6da80000 - 0x00007fff6da9f000 	C:\Users\Lenovo\.jdks\corretto-21.0.5\bin\java.dll

dbghelp: loaded successfully - version: 4.0.5 - missing functions: none
symbol engine: initialized successfully - sym options: 0x614 - pdb path: .;C:\Users\Lenovo\.jdks\corretto-21.0.5\bin;C:\WINDOWS\SYSTEM32;C:\WINDOWS\WinSxS\amd64_microsoft.windows.common-controls_6595b64144ccf1df_6.0.26100.7309_none_3e05feeae336a044;C:\Users\Lenovo\.jdks\corretto-21.0.5\bin\server

VM Arguments:
jvm_args: -XX:TieredStopAtLevel=1 -Dspring.output.ansi.enabled=always -Dcom.sun.management.jmxremote -Dspring.jmx.enabled=true -Dspring.liveBeansView.mbeanDomain -Dspring.application.admin.enabled=true -Dmanagement.endpoints.jmx.exposure.include=* -javaagent:F:\Intellij\IntelliJ IDEA 2024.3.1.1\lib\idea_rt.jar=55050 -Dfile.encoding=UTF-8 -Dsun.stdout.encoding=UTF-8 -Dsun.stderr.encoding=UTF-8 
java_command: com.consumer.ConsumerApplication
java_class_path (initial): E:\KTTKPM\KTTKPM\Lab01\consumer\target\classes;C:\Users\Lenovo\.m2\repository\org\springframework\boot\spring-boot-starter-amqp\4.0.1\spring-boot-starter-amqp-4.0.1.jar;C:\Users\Lenovo\.m2\repository\org\springframework\boot\spring-boot-starter\4.0.1\spring-boot-starter-4.0.1.jar;C:\Users\Lenovo\.m2\repository\org\springframework\boot\spring-boot-starter-logging\4.0.1\spring-boot-starter-logging-4.0.1.jar;C:\Users\Lenovo\.m2\repository\ch\qos\logback\logback-classic\1.5.22\logback-classic-1.5.22.jar;C:\Users\Lenovo\.m2\repository\ch\qos\logback\logback-core\1.5.22\logback-core-1.5.22.jar;C:\Users\Lenovo\.m2\repository\org\apache\logging\log4j\log4j-to-slf4j\2.25.3\log4j-to-slf4j-2.25.3.jar;C:\Users\Lenovo\.m2\repository\org\apache\logging\log4j\log4j-api\2.25.3\log4j-api-2.25.3.jar;C:\Users\Lenovo\.m2\repository\org\slf4j\jul-to-slf4j\2.0.17\jul-to-slf4j-2.0.17.jar;C:\Users\Lenovo\.m2\repository\org\springframework\boot\spring-boot-autoconfigure\4.0.1\spring-boot-autoconfigure-4.0.1.jar;C:\Users\Lenovo\.m2\repository\jakarta\annotation\jakarta.annotation-api\3.0.0\jakarta.annotation-api-3.0.0.jar;C:\Users\Lenovo\.m2\repository\org\yaml\snakeyaml\2.5\snakeyaml-2.5.jar;C:\Users\Lenovo\.m2\repository\org\springframework\boot\spring-boot-amqp\4.0.1\spring-boot-amqp-4.0.1.jar;C:\Users\Lenovo\.m2\repository\org\springframework\boot\spring-boot\4.0.1\spring-boot-4.0.1.jar;C:\Users\Lenovo\.m2\repository\org\springframework\spring-context\7.0.2\spring-context-7.0.2.jar;C:\Users\Lenovo\.m2\repository\org\springframework\spring-aop\7.0.2\spring-aop-7.0.2.jar;C:\Users\Lenovo\.m2\repository\org\springframework\spring-expression\7.0.2\spring-expression-7.0.2.jar;C:\Users\Lenovo\.m2\repository\org\springframework\spring-messaging\7.0.2\spring-messaging-7.0.2.jar;C:\Users\Lenovo\.m2\repository\org\springframework\spring-beans\7.0.2\spring-beans-7.0.2.jar;C:\Users\Lenovo\.m2\repository\org\springframework\amqp\spring-rabbit\4.0.1\spring-rabbit-4.0.1.jar;C:\Users\Lenovo\.m2\repository\org\springframework\amqp\spring-amqp\4.0.1\spring-amqp-4.0.1.jar;C:\Users\Lenovo\.m2\repository\com\rabbitmq\amqp-client\5.27.1\amqp-client-5.27.1.jar;C:\Users\Lenovo\.m2\repository\io\netty\netty-transport\4.2.9.Final\netty-transport-4.2.9.Final.jar;C:\Users\Lenovo\.m2\repository\io\netty\netty-common\4.2.9.Final\netty-common-4.2.9.Final.jar;C:\Users\Lenovo\.m2\repository\io\netty\netty-buffer\4.2.9.Final\netty-buffer-4.2.9.Final.jar;C:\Users\Lenovo\.m2\repository\io\netty\netty-resolver\4.2.9.Final\netty-resolver-4.2.9.Final.jar;C:\Users\Lenovo\.m2\repository\io\netty\netty-codec\4.2.9.Final\netty-codec-4.2.9.Final.jar;C:\Users\Lenovo\.m2\repository\io\netty\netty-codec-base\4.2.9.Final\netty-codec-base-4.2.9.Final.jar;C:\Users\Lenovo\.m2\repository\io\netty\netty-codec-compression\4.2.9.Final\netty-codec-compression-4.2.9.Final.jar;C:\Users\Lenovo\.m2\repository\io\netty\netty-codec-protobuf\4.2.9.Final\netty-codec-protobuf-4.2.9.Final.jar;C:\Users\Lenovo\.m2\repository\io\netty\netty-codec-marshalling\4.2.9.Final\netty-codec-marshalling-4.2.9.Final.jar;C:\Users\Lenovo\.m2\repository\io\netty\netty-handler\4.2.9.Final\netty-handler-4.2.9.Final.jar;C:\Users\Lenovo\.m2\repository\io\netty\netty-transport-native-unix-common\4.2.9.Final\netty-transport-native-unix-common-4.2.9.Final.jar;C:\Users\Lenovo\.m2\repository\org\springframework\spring-tx\7.0.2\spring-tx-7.0.2.jar;C:\Users\Lenovo\.m2\repository\io\micrometer\micrometer-observation\1.16.1\micrometer-observation-1.16.1.jar;C:\Users\Lenovo\.m2\repository\io\micrometer\micrometer-commons\1.16.1\micrometer-commons-1.16.1.jar;C:\Users\Lenovo\.m2\repository\org\springframework\boot\spring-boot-transaction\4.0.1\spring-boot-transaction-4.0.1.jar;C:\Users\Lenovo\.m2\repository\org\springframework\boot\spring-boot-persistence\4.0.1\spring-boot-persistence-4.0.1.jar;C:\Users\Lenovo\.m2\repository\org\slf4j\slf4j-api\2.0.17\slf4j-api-2.0.17.jar;C:\Users\Lenovo\.m2\repository\org\springframework\spring-core\7.0.2\spring-core-7.0.2.jar;C:\Users\Lenovo\.m2\repository\commons-logging\commons-logging\1.3.5\commons-logging-1.3.5.jar;C:\Users\Lenovo\.m2\repository\org\jspecify\jspecify\1.0.0\jspecify-1.0.0.jar
Launcher Type: SUN_STANDARD

[Global flags]
     intx CICompilerCount                          = 4                                         {product} {ergonomic}
     uint ConcGCThreads                            = 3                                         {product} {ergonomic}
     uint G1ConcRefinementThreads                  = 10                                        {product} {ergonomic}
   size_t G1HeapRegionSize                         = 4194304                                   {product} {ergonomic}
    uintx GCDrainStackTargetSize                   = 64                                        {product} {ergonomic}
   size_t InitialHeapSize                          = 402653184                                 {product} {ergonomic}
     bool ManagementServer                         = true                                      {product} {command line}
   size_t MarkStackSize                            = 4194304                                   {product} {ergonomic}
   size_t MaxHeapSize                              = 6404702208                                {product} {ergonomic}
   size_t MinHeapDeltaBytes                        = 4194304                                   {product} {ergonomic}
   size_t MinHeapSize                              = 8388608                                   {product} {ergonomic}
    uintx NonNMethodCodeHeapSize                   = 4096                                   {pd product} {ergonomic}
    uintx NonProfiledCodeHeapSize                  = 0                                      {pd product} {ergonomic}
     bool ProfileInterpreter                       = false                                  {pd product} {command line}
    uintx ProfiledCodeHeapSize                     = 0                                      {pd product} {ergonomic}
   size_t SoftMaxHeapSize                          = 6404702208                             {manageable} {ergonomic}
     intx TieredStopAtLevel                        = 1                                         {product} {command line}
     bool UseCompressedOops                        = true                           {product lp64_product} {ergonomic}
     bool UseG1GC                                  = true                                      {product} {ergonomic}
     bool UseLargePagesIndividualAllocation        = false                                  {pd product} {ergonomic}

Logging:
Log output configuration:
 #0: stdout all=warning uptime,level,tags foldmultilines=false
 #1: stderr all=off uptime,level,tags foldmultilines=false

Environment Variables:
JAVA_HOME=E:\app xam\
PATH=C:\Program Files\Common Files\Oracle\Java\javapath;E:\app xam\bin;C:\Windows\system32;C:\Windows;C:\Windows\System32\Wbem;C:\Windows\System32\WindowsPowerShell\v1.0\;C:\Windows\System32\OpenSSH\;C:\Program Files (x86)\NVIDIA Corporation\PhysX\Common;C:\WINDOWS\system32;C:\WINDOWS;C:\WINDOWS\System32\Wbem;C:\WINDOWS\System32\WindowsPowerShell\v1.0\;C:\WINDOWS\System32\OpenSSH\;C:\MinGW\bin;C:\Program Files\NVIDIA Corporation\NVIDIA NvDLISR;E:\MinGW\bin;C:\Program Files (x86)\Microsoft SQL Server\160\Tools\Binn\;C:\Program Files\Microsoft SQL Server\160\Tools\Binn\;C:\Program Files\Microsoft SQL Server\Client SDK\ODBC\170\Tools\Binn\;C:\Program Files\Microsoft SQL Server\160\DTS\Binn\;C:\Program Files (x86)\Microsoft SQL Server\160\DTS\Binn\;C:\Program Files\Azure Data Studio\bin;C:\Users\Lenovo\AppData\Local\MongoDBCompass\app-1.41.0\MongoDBCompass.exe;C:\Program Files\MongoDB\Server\6.0\bin\mongod.cfg;C:\Program Files\MongoDB\Tools\100\bin;C:\Program Files\MongoDB\Server\6.0\bin;F:\git\Git\cmd;c:\Users\Lenovo\AppData\Local\Programs\cursor\resources\app\bin;C:\WINDOWS\system32;C:\WINDOWS;C:\WINDOWS\System32\Wbem;C:\WINDOWS\System32\WindowsPowerShell\v1.0\;C:\WINDOWS\System32\OpenSSH\;F:\NodeJS\;C:\Program Files\Microsoft SQL Server\170\Tools\Binn\;C:\Program Files\dotnet\;C:\Program Files\k6\;C:\Program Files\Docker\Docker\resources\bin;F:\python\Scripts\;F:\python\;E:\quan trong\Scripts\;E:\quan trong\;C:\Users\Lenovo\AppData\Local\Microsoft\WindowsApps;F:\Microsoft VS Code\bin;C:\Program Files\Azure Data Studio\bin;C:\Users\Lenovo\AppData\Local\Programs\mongosh\;C:\Users\Lenovo\AppData\Local\GitHubDesktop\bin;F:\Intellij\IntelliJ IDEA 2024.3.1.1\bin;;C:\Users\Lenovo\AppData\Roaming\npm;C:\Users\Lenovo\.dotnet\tools;F:\PTUD\Windsurf\bin
USERNAME=Lenovo
OS=Windows_NT
PROCESSOR_IDENTIFIER=AMD64 Family 25 Model 80 Stepping 0, AuthenticAMD
TMP=C:\Users\Lenovo\AppData\Local\Temp
TEMP=C:\Users\Lenovo\AppData\Local\Temp




Periodic native trim disabled

---------------  S Y S T E M  ---------------

OS:
 Windows 11 , 64 bit Build 26100 (10.0.26100.7623)
OS uptime: 1 days 1:24 hours
Hyper-V role detected

CPU: total 12 (initial active 12) (12 cores per cpu, 2 threads per core) family 25 model 80 stepping 0 microcode 0xa50000c, cx8, cmov, fxsr, ht, mmx, 3dnowpref, sse, sse2, sse3, ssse3, sse4a, sse4.1, sse4.2, popcnt, lzcnt, tsc, tscinvbit, avx, avx2, aes, erms, clmul, bmi1, bmi2, adx, sha, fma, vzeroupper, clflush, clflushopt, hv, rdtscp, rdpid, fsrm, f16c, cet_ss
Processor Information for all 12 processors :
  Max Mhz: 3301, Current Mhz: 2011, Mhz Limit: 3301

Memory: 4k page, system-wide physical 24428M (5596M free)
TotalPageFile size 32616M (AvailPageFile size 325M)
current process WorkingSet (physical memory assigned to process): 13M, peak: 13M
current process commit charge ("private bytes"): 59M, peak: 443M

vm_info: OpenJDK 64-Bit Server VM (21.0.5+11-LTS) for windows-amd64 JRE (21.0.5+11-LTS), built on 2024-10-11T20:58:34Z by "Administrator" with MS VC++ 16.10 / 16.11 (VS2019)

END.
